This is pdfTeX, Version 3.141592653-2.6-1.40.23 (TeX Live 2022/dev) (preloaded format=pdflatex 2021.10.13)  18 OCT 2021 21:56
entering extended mode
 restricted \write18 enabled.
 %&-line parsing enabled.
**mult-norm.tex
(./mult-norm.tex
LaTeX2e <2021-06-01> patch level 1
L3 programming layer <2021-10-12>
(/Users/sebastiansaueruser/Library/TinyTeX/texmf-dist/tex/latex/standalone/stan
dalone.cls
Document Class: standalone 2018/03/26 v1.3a Class to compile TeX sub-files stan
dalone

(/Users/sebastiansaueruser/Library/TinyTeX/texmf-dist/tex/latex/tools/shellesc.
sty
Package: shellesc 2019/11/08 v1.0c unified shell escape interface for LaTeX
Package shellesc Info: Restricted shell escape enabled on input line 77.
)
(/Users/sebastiansaueruser/Library/TinyTeX/texmf-dist/tex/generic/iftex/ifluate
x.sty
Package: ifluatex 2019/10/25 v1.5 ifluatex legacy package. Use iftex instead.

(/Users/sebastiansaueruser/Library/TinyTeX/texmf-dist/tex/generic/iftex/iftex.s
ty
Package: iftex 2020/03/06 v1.0d TeX engine tests
))
(/Users/sebastiansaueruser/Library/TinyTeX/texmf-dist/tex/latex/xkeyval/xkeyval
.sty
Package: xkeyval 2020/11/20 v2.8 package option processing (HA)

(/Users/sebastiansaueruser/Library/TinyTeX/texmf-dist/tex/generic/xkeyval/xkeyv
al.tex
(/Users/sebastiansaueruser/Library/TinyTeX/texmf-dist/tex/generic/xkeyval/xkvut
ils.tex
\XKV@toks=\toks16
\XKV@tempa@toks=\toks17

(/Users/sebastiansaueruser/Library/TinyTeX/texmf-dist/tex/generic/xkeyval/keyva
l.tex))
\XKV@depth=\count182
File: xkeyval.tex 2014/12/03 v2.7a key=value parser (HA)
))
\sa@internal=\count183
\c@sapage=\count184

(/Users/sebastiansaueruser/Library/TinyTeX/texmf-dist/tex/latex/standalone/stan
dalone.cfg
File: standalone.cfg 2018/03/26 v1.3a Default configuration file for 'standalon
e' class
)
(/Users/sebastiansaueruser/Library/TinyTeX/texmf-dist/tex/latex/base/article.cl
s
Document Class: article 2021/02/12 v1.4n Standard LaTeX document class

(/Users/sebastiansaueruser/Library/TinyTeX/texmf-dist/tex/latex/base/size10.clo
File: size10.clo 2021/02/12 v1.4n Standard LaTeX file (size option)
)
\c@part=\count185
\c@section=\count186
\c@subsection=\count187
\c@subsubsection=\count188
\c@paragraph=\count189
\c@subparagraph=\count190
\c@figure=\count191
\c@table=\count192
\abovecaptionskip=\skip47
\belowcaptionskip=\skip48
\bibindent=\dimen138
)
\sa@box=\box50
)
(/Users/sebastiansaueruser/Library/TinyTeX/texmf-dist/tex/latex/pgfplots/pgfplo
ts.sty
(/Users/sebastiansaueruser/Library/TinyTeX/texmf-dist/tex/generic/pgfplots/pgfp
lots.revision.tex)
Package: pgfplots 2021/05/15 v1.18.1 Data Visualization (1.18.1)

(/Users/sebastiansaueruser/Library/TinyTeX/texmf-dist/tex/latex/graphics/graphi
cx.sty
Package: graphicx 2020/12/05 v1.2c Enhanced LaTeX Graphics (DPC,SPQR)

(/Users/sebastiansaueruser/Library/TinyTeX/texmf-dist/tex/latex/graphics/graphi
cs.sty
Package: graphics 2021/03/04 v1.4d Standard LaTeX Graphics (DPC,SPQR)

(/Users/sebastiansaueruser/Library/TinyTeX/texmf-dist/tex/latex/graphics/trig.s
ty
Package: trig 2016/01/03 v1.10 sin cos tan (DPC)
)
(/Users/sebastiansaueruser/Library/TinyTeX/texmf-dist/tex/latex/graphics-cfg/gr
aphics.cfg
File: graphics.cfg 2016/06/04 v1.11 sample graphics configuration
)
Package graphics Info: Driver file: pdftex.def on input line 107.

(/Users/sebastiansaueruser/Library/TinyTeX/texmf-dist/tex/latex/graphics-def/pd
ftex.def
File: pdftex.def 2020/10/05 v1.2a Graphics/color driver for pdftex
))
\Gin@req@height=\dimen139
\Gin@req@width=\dimen140
)
(/Users/sebastiansaueruser/Library/TinyTeX/texmf-dist/tex/latex/pgf/frontendlay
er/tikz.sty
(/Users/sebastiansaueruser/Library/TinyTeX/texmf-dist/tex/latex/pgf/basiclayer/
pgf.sty
(/Users/sebastiansaueruser/Library/TinyTeX/texmf-dist/tex/latex/pgf/utilities/p
gfrcs.sty
(/Users/sebastiansaueruser/Library/TinyTeX/texmf-dist/tex/generic/pgf/utilities
/pgfutil-common.tex
\pgfutil@everybye=\toks18
\pgfutil@tempdima=\dimen141
\pgfutil@tempdimb=\dimen142

(/Users/sebastiansaueruser/Library/TinyTeX/texmf-dist/tex/generic/pgf/utilities
/pgfutil-common-lists.tex))
(/Users/sebastiansaueruser/Library/TinyTeX/texmf-dist/tex/generic/pgf/utilities
/pgfutil-latex.def
\pgfutil@abb=\box51
)
(/Users/sebastiansaueruser/Library/TinyTeX/texmf-dist/tex/generic/pgf/utilities
/pgfrcs.code.tex
(/Users/sebastiansaueruser/Library/TinyTeX/texmf-dist/tex/generic/pgf/pgf.revis
ion.tex)
Package: pgfrcs 2021/05/15 v3.1.9a (3.1.9a)
))
Package: pgf 2021/05/15 v3.1.9a (3.1.9a)

(/Users/sebastiansaueruser/Library/TinyTeX/texmf-dist/tex/latex/pgf/basiclayer/
pgfcore.sty
(/Users/sebastiansaueruser/Library/TinyTeX/texmf-dist/tex/latex/pgf/systemlayer
/pgfsys.sty
(/Users/sebastiansaueruser/Library/TinyTeX/texmf-dist/tex/generic/pgf/systemlay
er/pgfsys.code.tex
Package: pgfsys 2021/05/15 v3.1.9a (3.1.9a)

(/Users/sebastiansaueruser/Library/TinyTeX/texmf-dist/tex/generic/pgf/utilities
/pgfkeys.code.tex
\pgfkeys@pathtoks=\toks19
\pgfkeys@temptoks=\toks20

(/Users/sebastiansaueruser/Library/TinyTeX/texmf-dist/tex/generic/pgf/utilities
/pgfkeysfiltered.code.tex
\pgfkeys@tmptoks=\toks21
))
\pgf@x=\dimen143
\pgf@y=\dimen144
\pgf@xa=\dimen145
\pgf@ya=\dimen146
\pgf@xb=\dimen147
\pgf@yb=\dimen148
\pgf@xc=\dimen149
\pgf@yc=\dimen150
\pgf@xd=\dimen151
\pgf@yd=\dimen152
\w@pgf@writea=\write3
\r@pgf@reada=\read2
\c@pgf@counta=\count193
\c@pgf@countb=\count194
\c@pgf@countc=\count195
\c@pgf@countd=\count196
\t@pgf@toka=\toks22
\t@pgf@tokb=\toks23
\t@pgf@tokc=\toks24
\pgf@sys@id@count=\count197

(/Users/sebastiansaueruser/Library/TinyTeX/texmf-dist/tex/generic/pgf/systemlay
er/pgf.cfg
File: pgf.cfg 2021/05/15 v3.1.9a (3.1.9a)
)
Driver file for pgf: pgfsys-pdftex.def

(/Users/sebastiansaueruser/Library/TinyTeX/texmf-dist/tex/generic/pgf/systemlay
er/pgfsys-pdftex.def
File: pgfsys-pdftex.def 2021/05/15 v3.1.9a (3.1.9a)

(/Users/sebastiansaueruser/Library/TinyTeX/texmf-dist/tex/generic/pgf/systemlay
er/pgfsys-common-pdf.def
File: pgfsys-common-pdf.def 2021/05/15 v3.1.9a (3.1.9a)
)))
(/Users/sebastiansaueruser/Library/TinyTeX/texmf-dist/tex/generic/pgf/systemlay
er/pgfsyssoftpath.code.tex
File: pgfsyssoftpath.code.tex 2021/05/15 v3.1.9a (3.1.9a)
\pgfsyssoftpath@smallbuffer@items=\count198
\pgfsyssoftpath@bigbuffer@items=\count199
)
(/Users/sebastiansaueruser/Library/TinyTeX/texmf-dist/tex/generic/pgf/systemlay
er/pgfsysprotocol.code.tex
File: pgfsysprotocol.code.tex 2021/05/15 v3.1.9a (3.1.9a)
))
(/Users/sebastiansaueruser/Library/TinyTeX/texmf-dist/tex/latex/xcolor/xcolor.s
ty
Package: xcolor 2016/05/11 v2.12 LaTeX color extensions (UK)

(/Users/sebastiansaueruser/Library/TinyTeX/texmf-dist/tex/latex/graphics-cfg/co
lor.cfg
File: color.cfg 2016/01/02 v1.6 sample color configuration
)
Package xcolor Info: Driver file: pdftex.def on input line 225.
Package xcolor Info: Model `cmy' substituted by `cmy0' on input line 1348.
Package xcolor Info: Model `hsb' substituted by `rgb' on input line 1352.
Package xcolor Info: Model `RGB' extended on input line 1364.
Package xcolor Info: Model `HTML' substituted by `rgb' on input line 1366.
Package xcolor Info: Model `Hsb' substituted by `hsb' on input line 1367.
Package xcolor Info: Model `tHsb' substituted by `hsb' on input line 1368.
Package xcolor Info: Model `HSB' substituted by `hsb' on input line 1369.
Package xcolor Info: Model `Gray' substituted by `gray' on input line 1370.
Package xcolor Info: Model `wave' substituted by `hsb' on input line 1371.
)
(/Users/sebastiansaueruser/Library/TinyTeX/texmf-dist/tex/generic/pgf/basiclaye
r/pgfcore.code.tex
Package: pgfcore 2021/05/15 v3.1.9a (3.1.9a)

(/Users/sebastiansaueruser/Library/TinyTeX/texmf-dist/tex/generic/pgf/math/pgfm
ath.code.tex
(/Users/sebastiansaueruser/Library/TinyTeX/texmf-dist/tex/generic/pgf/math/pgfm
athcalc.code.tex
(/Users/sebastiansaueruser/Library/TinyTeX/texmf-dist/tex/generic/pgf/math/pgfm
athutil.code.tex)
(/Users/sebastiansaueruser/Library/TinyTeX/texmf-dist/tex/generic/pgf/math/pgfm
athparser.code.tex
\pgfmath@dimen=\dimen153
\pgfmath@count=\count266
\pgfmath@box=\box52
\pgfmath@toks=\toks25
\pgfmath@stack@operand=\toks26
\pgfmath@stack@operation=\toks27
)
(/Users/sebastiansaueruser/Library/TinyTeX/texmf-dist/tex/generic/pgf/math/pgfm
athfunctions.code.tex
(/Users/sebastiansaueruser/Library/TinyTeX/texmf-dist/tex/generic/pgf/math/pgfm
athfunctions.basic.code.tex)
(/Users/sebastiansaueruser/Library/TinyTeX/texmf-dist/tex/generic/pgf/math/pgfm
athfunctions.trigonometric.code.tex)
(/Users/sebastiansaueruser/Library/TinyTeX/texmf-dist/tex/generic/pgf/math/pgfm
athfunctions.random.code.tex)
(/Users/sebastiansaueruser/Library/TinyTeX/texmf-dist/tex/generic/pgf/math/pgfm
athfunctions.comparison.code.tex)
(/Users/sebastiansaueruser/Library/TinyTeX/texmf-dist/tex/generic/pgf/math/pgfm
athfunctions.base.code.tex)
(/Users/sebastiansaueruser/Library/TinyTeX/texmf-dist/tex/generic/pgf/math/pgfm
athfunctions.round.code.tex)
(/Users/sebastiansaueruser/Library/TinyTeX/texmf-dist/tex/generic/pgf/math/pgfm
athfunctions.misc.code.tex)
(/Users/sebastiansaueruser/Library/TinyTeX/texmf-dist/tex/generic/pgf/math/pgfm
athfunctions.integerarithmetics.code.tex)))
(/Users/sebastiansaueruser/Library/TinyTeX/texmf-dist/tex/generic/pgf/math/pgfm
athfloat.code.tex
\c@pgfmathroundto@lastzeros=\count267
))
(/Users/sebastiansaueruser/Library/TinyTeX/texmf-dist/tex/generic/pgf/math/pgfi
nt.code.tex)
(/Users/sebastiansaueruser/Library/TinyTeX/texmf-dist/tex/generic/pgf/basiclaye
r/pgfcorepoints.code.tex
File: pgfcorepoints.code.tex 2021/05/15 v3.1.9a (3.1.9a)
\pgf@picminx=\dimen154
\pgf@picmaxx=\dimen155
\pgf@picminy=\dimen156
\pgf@picmaxy=\dimen157
\pgf@pathminx=\dimen158
\pgf@pathmaxx=\dimen159
\pgf@pathminy=\dimen160
\pgf@pathmaxy=\dimen161
\pgf@xx=\dimen162
\pgf@xy=\dimen163
\pgf@yx=\dimen164
\pgf@yy=\dimen165
\pgf@zx=\dimen166
\pgf@zy=\dimen167
)
(/Users/sebastiansaueruser/Library/TinyTeX/texmf-dist/tex/generic/pgf/basiclaye
r/pgfcorepathconstruct.code.tex
File: pgfcorepathconstruct.code.tex 2021/05/15 v3.1.9a (3.1.9a)
\pgf@path@lastx=\dimen168
\pgf@path@lasty=\dimen169
)
(/Users/sebastiansaueruser/Library/TinyTeX/texmf-dist/tex/generic/pgf/basiclaye
r/pgfcorepathusage.code.tex
File: pgfcorepathusage.code.tex 2021/05/15 v3.1.9a (3.1.9a)
\pgf@shorten@end@additional=\dimen170
\pgf@shorten@start@additional=\dimen171
)
(/Users/sebastiansaueruser/Library/TinyTeX/texmf-dist/tex/generic/pgf/basiclaye
r/pgfcorescopes.code.tex
File: pgfcorescopes.code.tex 2021/05/15 v3.1.9a (3.1.9a)
\pgfpic=\box53
\pgf@hbox=\box54
\pgf@layerbox@main=\box55
\pgf@picture@serial@count=\count268
)
(/Users/sebastiansaueruser/Library/TinyTeX/texmf-dist/tex/generic/pgf/basiclaye
r/pgfcoregraphicstate.code.tex
File: pgfcoregraphicstate.code.tex 2021/05/15 v3.1.9a (3.1.9a)
\pgflinewidth=\dimen172
)
(/Users/sebastiansaueruser/Library/TinyTeX/texmf-dist/tex/generic/pgf/basiclaye
r/pgfcoretransformations.code.tex
File: pgfcoretransformations.code.tex 2021/05/15 v3.1.9a (3.1.9a)
\pgf@pt@x=\dimen173
\pgf@pt@y=\dimen174
\pgf@pt@temp=\dimen175
)
(/Users/sebastiansaueruser/Library/TinyTeX/texmf-dist/tex/generic/pgf/basiclaye
r/pgfcorequick.code.tex
File: pgfcorequick.code.tex 2021/05/15 v3.1.9a (3.1.9a)
)
(/Users/sebastiansaueruser/Library/TinyTeX/texmf-dist/tex/generic/pgf/basiclaye
r/pgfcoreobjects.code.tex
File: pgfcoreobjects.code.tex 2021/05/15 v3.1.9a (3.1.9a)
)
(/Users/sebastiansaueruser/Library/TinyTeX/texmf-dist/tex/generic/pgf/basiclaye
r/pgfcorepathprocessing.code.tex
File: pgfcorepathprocessing.code.tex 2021/05/15 v3.1.9a (3.1.9a)
)
(/Users/sebastiansaueruser/Library/TinyTeX/texmf-dist/tex/generic/pgf/basiclaye
r/pgfcorearrows.code.tex
File: pgfcorearrows.code.tex 2021/05/15 v3.1.9a (3.1.9a)
\pgfarrowsep=\dimen176
)
(/Users/sebastiansaueruser/Library/TinyTeX/texmf-dist/tex/generic/pgf/basiclaye
r/pgfcoreshade.code.tex
File: pgfcoreshade.code.tex 2021/05/15 v3.1.9a (3.1.9a)
\pgf@max=\dimen177
\pgf@sys@shading@range@num=\count269
\pgf@shadingcount=\count270
)
(/Users/sebastiansaueruser/Library/TinyTeX/texmf-dist/tex/generic/pgf/basiclaye
r/pgfcoreimage.code.tex
File: pgfcoreimage.code.tex 2021/05/15 v3.1.9a (3.1.9a)

(/Users/sebastiansaueruser/Library/TinyTeX/texmf-dist/tex/generic/pgf/basiclaye
r/pgfcoreexternal.code.tex
File: pgfcoreexternal.code.tex 2021/05/15 v3.1.9a (3.1.9a)
\pgfexternal@startupbox=\box56
))
(/Users/sebastiansaueruser/Library/TinyTeX/texmf-dist/tex/generic/pgf/basiclaye
r/pgfcorelayers.code.tex
File: pgfcorelayers.code.tex 2021/05/15 v3.1.9a (3.1.9a)
)
(/Users/sebastiansaueruser/Library/TinyTeX/texmf-dist/tex/generic/pgf/basiclaye
r/pgfcoretransparency.code.tex
File: pgfcoretransparency.code.tex 2021/05/15 v3.1.9a (3.1.9a)
)
(/Users/sebastiansaueruser/Library/TinyTeX/texmf-dist/tex/generic/pgf/basiclaye
r/pgfcorepatterns.code.tex
File: pgfcorepatterns.code.tex 2021/05/15 v3.1.9a (3.1.9a)
)
(/Users/sebastiansaueruser/Library/TinyTeX/texmf-dist/tex/generic/pgf/basiclaye
r/pgfcorerdf.code.tex
File: pgfcorerdf.code.tex 2021/05/15 v3.1.9a (3.1.9a)
)))
(/Users/sebastiansaueruser/Library/TinyTeX/texmf-dist/tex/generic/pgf/modules/p
gfmoduleshapes.code.tex
File: pgfmoduleshapes.code.tex 2021/05/15 v3.1.9a (3.1.9a)
\pgfnodeparttextbox=\box57
)
(/Users/sebastiansaueruser/Library/TinyTeX/texmf-dist/tex/generic/pgf/modules/p
gfmoduleplot.code.tex
File: pgfmoduleplot.code.tex 2021/05/15 v3.1.9a (3.1.9a)
)
(/Users/sebastiansaueruser/Library/TinyTeX/texmf-dist/tex/latex/pgf/compatibili
ty/pgfcomp-version-0-65.sty
Package: pgfcomp-version-0-65 2021/05/15 v3.1.9a (3.1.9a)
\pgf@nodesepstart=\dimen178
\pgf@nodesepend=\dimen179
)
(/Users/sebastiansaueruser/Library/TinyTeX/texmf-dist/tex/latex/pgf/compatibili
ty/pgfcomp-version-1-18.sty
Package: pgfcomp-version-1-18 2021/05/15 v3.1.9a (3.1.9a)
))
(/Users/sebastiansaueruser/Library/TinyTeX/texmf-dist/tex/latex/pgf/utilities/p
gffor.sty
(/Users/sebastiansaueruser/Library/TinyTeX/texmf-dist/tex/latex/pgf/utilities/p
gfkeys.sty
(/Users/sebastiansaueruser/Library/TinyTeX/texmf-dist/tex/generic/pgf/utilities
/pgfkeys.code.tex))
(/Users/sebastiansaueruser/Library/TinyTeX/texmf-dist/tex/latex/pgf/math/pgfmat
h.sty
(/Users/sebastiansaueruser/Library/TinyTeX/texmf-dist/tex/generic/pgf/math/pgfm
ath.code.tex))
(/Users/sebastiansaueruser/Library/TinyTeX/texmf-dist/tex/generic/pgf/utilities
/pgffor.code.tex
Package: pgffor 2021/05/15 v3.1.9a (3.1.9a)

(/Users/sebastiansaueruser/Library/TinyTeX/texmf-dist/tex/generic/pgf/math/pgfm
ath.code.tex)
\pgffor@iter=\dimen180
\pgffor@skip=\dimen181
\pgffor@stack=\toks28
\pgffor@toks=\toks29
))
(/Users/sebastiansaueruser/Library/TinyTeX/texmf-dist/tex/generic/pgf/frontendl
ayer/tikz/tikz.code.tex
Package: tikz 2021/05/15 v3.1.9a (3.1.9a)

(/Users/sebastiansaueruser/Library/TinyTeX/texmf-dist/tex/generic/pgf/libraries
/pgflibraryplothandlers.code.tex
File: pgflibraryplothandlers.code.tex 2021/05/15 v3.1.9a (3.1.9a)
\pgf@plot@mark@count=\count271
\pgfplotmarksize=\dimen182
)
\tikz@lastx=\dimen183
\tikz@lasty=\dimen184
\tikz@lastxsaved=\dimen185
\tikz@lastysaved=\dimen186
\tikz@lastmovetox=\dimen187
\tikz@lastmovetoy=\dimen188
\tikzleveldistance=\dimen189
\tikzsiblingdistance=\dimen190
\tikz@figbox=\box58
\tikz@figbox@bg=\box59
\tikz@tempbox=\box60
\tikz@tempbox@bg=\box61
\tikztreelevel=\count272
\tikznumberofchildren=\count273
\tikznumberofcurrentchild=\count274
\tikz@fig@count=\count275

(/Users/sebastiansaueruser/Library/TinyTeX/texmf-dist/tex/generic/pgf/modules/p
gfmodulematrix.code.tex
File: pgfmodulematrix.code.tex 2021/05/15 v3.1.9a (3.1.9a)
\pgfmatrixcurrentrow=\count276
\pgfmatrixcurrentcolumn=\count277
\pgf@matrix@numberofcolumns=\count278
)
\tikz@expandcount=\count279

(/Users/sebastiansaueruser/Library/TinyTeX/texmf-dist/tex/generic/pgf/frontendl
ayer/tikz/libraries/tikzlibrarytopaths.code.tex
File: tikzlibrarytopaths.code.tex 2021/05/15 v3.1.9a (3.1.9a)
)))
(/Users/sebastiansaueruser/Library/TinyTeX/texmf-dist/tex/generic/pgfplots/pgfp
lots.code.tex
(/Users/sebastiansaueruser/Library/TinyTeX/texmf-dist/tex/generic/pgfplots/pgfp
lotscore.code.tex
\t@pgfplots@toka=\toks30
\t@pgfplots@tokb=\toks31
\t@pgfplots@tokc=\toks32
\pgfplots@tmpa=\dimen191
\c@pgfplots@coordindex=\count280
\c@pgfplots@scanlineindex=\count281

(/Users/sebastiansaueruser/Library/TinyTeX/texmf-dist/tex/generic/pgfplots/sys/
pgfplotssysgeneric.code.tex))
(/Users/sebastiansaueruser/Library/TinyTeX/texmf-dist/tex/generic/pgfplots/libs
/pgfplotslibrary.code.tex)
(/Users/sebastiansaueruser/Library/TinyTeX/texmf-dist/tex/generic/pgfplots/oldp
gfcompatib/pgfplotsoldpgfsupp_loader.code.tex
(/Users/sebastiansaueruser/Library/TinyTeX/texmf-dist/tex/generic/pgf/libraries
/pgflibraryfpu.code.tex))
(/Users/sebastiansaueruser/Library/TinyTeX/texmf-dist/tex/generic/pgfplots/util
/pgfplotsutil.code.tex
(/Users/sebastiansaueruser/Library/TinyTeX/texmf-dist/tex/generic/pgfplots/list
structure/pgfplotsliststructure.code.tex)
(/Users/sebastiansaueruser/Library/TinyTeX/texmf-dist/tex/generic/pgfplots/list
structure/pgfplotsliststructureext.code.tex)
(/Users/sebastiansaueruser/Library/TinyTeX/texmf-dist/tex/generic/pgfplots/list
structure/pgfplotsarray.code.tex
\c@pgfplotsarray@tmp=\count282
)
(/Users/sebastiansaueruser/Library/TinyTeX/texmf-dist/tex/generic/pgfplots/list
structure/pgfplotsmatrix.code.tex)
(/Users/sebastiansaueruser/Library/TinyTeX/texmf-dist/tex/generic/pgfplots/numt
able/pgfplotstableshared.code.tex
\c@pgfplotstable@counta=\count283
\t@pgfplotstable@a=\toks33
)
(/Users/sebastiansaueruser/Library/TinyTeX/texmf-dist/tex/generic/pgfplots/list
structure/pgfplotsdeque.code.tex)
(/Users/sebastiansaueruser/Library/TinyTeX/texmf-dist/tex/generic/pgfplots/util
/pgfplotsbinary.code.tex
(/Users/sebastiansaueruser/Library/TinyTeX/texmf-dist/tex/generic/pgfplots/util
/pgfplotsbinary.data.code.tex))
(/Users/sebastiansaueruser/Library/TinyTeX/texmf-dist/tex/generic/pgfplots/util
/pgfplotsutil.verb.code.tex)
(/Users/sebastiansaueruser/Library/TinyTeX/texmf-dist/tex/generic/pgfplots/libs
/pgflibrarypgfplots.surfshading.code.tex
\c@pgfplotslibrarysurf@no=\count284

(/Users/sebastiansaueruser/Library/TinyTeX/texmf-dist/tex/generic/pgfplots/sys/
pgflibrarypgfplots.surfshading.pgfsys-pdftex.def)))
(/Users/sebastiansaueruser/Library/TinyTeX/texmf-dist/tex/generic/pgfplots/util
/pgfplotscolormap.code.tex
(/Users/sebastiansaueruser/Library/TinyTeX/texmf-dist/tex/generic/pgfplots/util
/pgfplotscolor.code.tex))
(/Users/sebastiansaueruser/Library/TinyTeX/texmf-dist/tex/generic/pgfplots/pgfp
lotsstackedplots.code.tex)
(/Users/sebastiansaueruser/Library/TinyTeX/texmf-dist/tex/generic/pgfplots/pgfp
lotsplothandlers.code.tex
(/Users/sebastiansaueruser/Library/TinyTeX/texmf-dist/tex/generic/pgfplots/pgfp
lotsmeshplothandler.code.tex
(/Users/sebastiansaueruser/Library/TinyTeX/texmf-dist/tex/generic/pgfplots/pgfp
lotsmeshplotimage.code.tex)))
(/Users/sebastiansaueruser/Library/TinyTeX/texmf-dist/tex/generic/pgfplots/pgfp
lots.scaling.code.tex)
(/Users/sebastiansaueruser/Library/TinyTeX/texmf-dist/tex/generic/pgfplots/pgfp
lotscoordprocessing.code.tex)
(/Users/sebastiansaueruser/Library/TinyTeX/texmf-dist/tex/generic/pgfplots/pgfp
lots.errorbars.code.tex)
(/Users/sebastiansaueruser/Library/TinyTeX/texmf-dist/tex/generic/pgfplots/pgfp
lots.markers.code.tex)
(/Users/sebastiansaueruser/Library/TinyTeX/texmf-dist/tex/generic/pgfplots/pgfp
lotsticks.code.tex)
(/Users/sebastiansaueruser/Library/TinyTeX/texmf-dist/tex/generic/pgfplots/pgfp
lots.paths.code.tex)
(/Users/sebastiansaueruser/Library/TinyTeX/texmf-dist/tex/generic/pgf/frontendl
ayer/tikz/libraries/tikzlibrarydecorations.code.tex
(/Users/sebastiansaueruser/Library/TinyTeX/texmf-dist/tex/generic/pgf/modules/p
gfmoduledecorations.code.tex
\pgfdecoratedcompleteddistance=\dimen192
\pgfdecoratedremainingdistance=\dimen193
\pgfdecoratedinputsegmentcompleteddistance=\dimen194
\pgfdecoratedinputsegmentremainingdistance=\dimen195
\pgf@decorate@distancetomove=\dimen196
\pgf@decorate@repeatstate=\count285
\pgfdecorationsegmentamplitude=\dimen197
\pgfdecorationsegmentlength=\dimen198
)
\tikz@lib@dec@box=\box62
)
(/Users/sebastiansaueruser/Library/TinyTeX/texmf-dist/tex/generic/pgf/frontendl
ayer/tikz/libraries/tikzlibrarydecorations.pathmorphing.code.tex
(/Users/sebastiansaueruser/Library/TinyTeX/texmf-dist/tex/generic/pgf/libraries
/decorations/pgflibrarydecorations.pathmorphing.code.tex))
(/Users/sebastiansaueruser/Library/TinyTeX/texmf-dist/tex/generic/pgf/frontendl
ayer/tikz/libraries/tikzlibrarydecorations.pathreplacing.code.tex
(/Users/sebastiansaueruser/Library/TinyTeX/texmf-dist/tex/generic/pgf/libraries
/decorations/pgflibrarydecorations.pathreplacing.code.tex))
(/Users/sebastiansaueruser/Library/TinyTeX/texmf-dist/tex/generic/pgfplots/libs
/tikzlibrarypgfplots.contourlua.code.tex)
\pgfplots@numplots=\count286
\pgfplots@xmin@reg=\dimen199
\pgfplots@xmax@reg=\dimen256
\pgfplots@ymin@reg=\dimen257
\pgfplots@ymax@reg=\dimen258
\pgfplots@zmin@reg=\dimen259
\pgfplots@zmax@reg=\dimen260
)
(/Users/sebastiansaueruser/Library/TinyTeX/texmf-dist/tex/generic/pgf/frontendl
ayer/tikz/libraries/tikzlibraryplotmarks.code.tex
File: tikzlibraryplotmarks.code.tex 2021/05/15 v3.1.9a (3.1.9a)

(/Users/sebastiansaueruser/Library/TinyTeX/texmf-dist/tex/generic/pgf/libraries
/pgflibraryplotmarks.code.tex
File: pgflibraryplotmarks.code.tex 2021/05/15 v3.1.9a (3.1.9a)
)))
(/Users/sebastiansaueruser/Library/TinyTeX/texmf-dist/tex/latex/l3backend/l3bac
kend-pdftex.def
File: l3backend-pdftex.def 2021-10-12 L3 backend support: PDF output (pdfTeX)
\l__color_backend_stack_int=\count287
\l__pdf_internal_box=\box63
) (./mult-norm.aux)
\openout1 = `mult-norm.aux'.

LaTeX Font Info:    Checking defaults for OML/cmm/m/it on input line 5.
LaTeX Font Info:    ... okay on input line 5.
LaTeX Font Info:    Checking defaults for OMS/cmsy/m/n on input line 5.
LaTeX Font Info:    ... okay on input line 5.
LaTeX Font Info:    Checking defaults for OT1/cmr/m/n on input line 5.
LaTeX Font Info:    ... okay on input line 5.
LaTeX Font Info:    Checking defaults for T1/cmr/m/n on input line 5.
LaTeX Font Info:    ... okay on input line 5.
LaTeX Font Info:    Checking defaults for TS1/cmr/m/n on input line 5.
LaTeX Font Info:    ... okay on input line 5.
LaTeX Font Info:    Checking defaults for OMX/cmex/m/n on input line 5.
LaTeX Font Info:    ... okay on input line 5.
LaTeX Font Info:    Checking defaults for U/cmr/m/n on input line 5.
LaTeX Font Info:    ... okay on input line 5.

(/Users/sebastiansaueruser/Library/TinyTeX/texmf-dist/tex/latex/epstopdf-pkg/ep
stopdf-base.sty
Package: epstopdf-base 2020-01-24 v2.11 Base part for package epstopdf
Package epstopdf-base Info: Redefining graphics rule for `.eps' on input line 4
85.

(/Users/sebastiansaueruser/Library/TinyTeX/texmf-dist/tex/latex/latexconfig/eps
topdf-sys.cfg
File: epstopdf-sys.cfg 2010/07/13 v1.3 Configuration of (r)epstopdf for TeX Liv
e
))

Package pgfplots Warning: running in backwards compatibility mode (unsuitable t
ick labels; missing features). Consider writing \pgfplotsset{compat=1.18} into 
your preamble.
 on input line 5.

LaTeX Font Info:    External font `cmex10' loaded for size
(Font)              <7> on input line 48.
LaTeX Font Info:    External font `cmex10' loaded for size
(Font)              <5> on input line 48.
[1

{/Users/sebastiansaueruser/Library/TinyTeX/texmf-var/fonts/map/pdftex/updmap/pd
ftex.map}] (./mult-norm.aux) ) 
Here is how much of TeX's memory you used:
 22464 strings out of 480506
 608878 string characters out of 5898496
 2616520 words of memory out of 5000000
 39785 multiletter control sequences out of 15000+600000
 403430 words of font info for 27 fonts, out of 8000000 for 9000
 14 hyphenation exceptions out of 8191
 99i,10n,103p,705b,2792s stack positions out of 5000i,500n,10000p,200000b,80000s
</Users/sebastiansaueruser/Library/TinyTeX/texmf-
dist/fonts/type1/public/amsfonts/cm/cmmi10.pfb></Users/sebastiansaueruser/Libra
ry/TinyTeX/texmf-dist/fonts/type1/public/amsfonts/cm/cmr10.pfb></Users/sebastia
nsaueruser/Library/TinyTeX/texmf-dist/fonts/type1/public/amsfonts/cm/cmr7.pfb><
/Users/sebastiansaueruser/Library/TinyTeX/texmf-dist/fonts/type1/public/amsfont
s/cm/cmsy10.pfb>
Output written on mult-norm.pdf (1 page, 87167 bytes).
PDF statistics:
 33 PDF objects out of 1000 (max. 8388607)
 20 compressed objects within 1 object stream
 0 named destinations out of 1000 (max. 500000)
 19 words of extra memory for PDF output out of 10000 (max. 10000000)

